<component name="libraryTable">
  <library name="junit4-4.8.2">
    <CLASSES>
      <root url="jar://$PROJECT_DIR$/../HW2-Eclipse/junit4jars/junit4-4.8.2.jar!/" />
    </CLASSES>
    <JAVADOC />
    <SOURCES />
  </library>
</component>